2017/08/16 08:33:33 [error] 1373#1373: *18 FastCGI sent in stderr: "PHP message: PHP Error:  Call to undefined function App\Http\Controllers\Manage\varr_dump() in /mnt/hgfs/workspace/learn/dev_es_hiep/app/Http/Controllers/Manage/SettingsController.php on line 20
PHP message: PHP Stack trace:
PHP message: PHP   1. {main}() /mnt/hgfs/workspace/learn/dev_es_hiep/public/index.php:0
PHP message: PHP   2. Illuminate\Foundation\Http\Kernel->handle() /mnt/hgfs/workspace/learn/dev_es_hiep/public/index.php:55
PHP message: PHP   3. Illuminate\Foundation\Http\Kernel->sendRequestThroughRouter() /mnt/hgfs/workspace/learn/dev_es_hiep/vendor/laravel/framework/src/Illuminate/Foundation/Http/Kernel.php:116
PHP message: PHP   4. Illuminate\Pipeline\Pipeline->then() /mnt/hgfs/workspace/learn/dev_es_hiep/vendor/laravel/framework/src/Illuminate/Foundation/Http/Kernel.php:151
PHP message: PHP   5. Illuminate\Routing\Pipeline->Illuminate\Routing\{closure}() /mnt/hgfs/workspace/learn/dev_es_hiep/vendor/laravel/framework/src/Illuminate/Pipeline/Pipeline.php:102
PHP message: PHP   6. Illuminate\Pipeline\Pipeline->Illuminate\Pipeline\{closure}() /mnt/hgfs/workspace/learn/dev_es_hiep/vendor/laravel/framework/src/Illuminate/Routing/Pipeline.php:53
PHP message: PHP   7. Illuminate\Foundation\Http\Middleware\CheckForMaintenanceMode->handle() /mnt/hgfs/workspace/learn/dev_es_hiep/vendor/laravel/framework/src/Illuminate/Pipeline/Pipeline.php:148
PHP message: PHP   8. Illuminate\Routing\Pipeline->Illuminate\Routing\{closure}() /mnt/hgfs/workspace/learn/dev_es_hiep/vendor/laravel/framework/src/Illuminate/Foundation/Http/Middleware/CheckForMaintenanceMode.php:46
PHP message: PHP   9. Illuminate\Foundation\Http\Kernel->Illuminate\Foundation\Http\{closure}() /mnt/hgfs/workspace/learn/dev_es_hiep/vendor/laravel/framework/src/Illuminate/Routing/Pipeline.php:30
PHP message: PHP  10. Illuminate\Routing\Router->dispatch() /mnt/hgfs/workspace/learn/dev_es_hiep/vendor/laravel/framework/src/Illuminate/Foundation/Http/Kernel.php:176
PHP message: PHP  11. Illu
2017/08/16 08:33:33 [error] 1373#1373: *18 FastCGI sent in stderr: "_hiep/vendor/laravel/framework/src/Illuminate/Pipeline/Pipeline.php:148
PHP message: PHP  23. Illuminate\Routing\Pipeline->Illuminate\Routing\{closure}() /mnt/hgfs/workspace/learn/dev_es_hiep/vendor/laravel/framework/src/Illuminate/Session/Middleware/StartSession.php:64
PHP message: PHP  24. Illuminate\Pipeline\Pipeline->Illuminate\Pipeline\{closure}() /mnt/hgfs/workspace/learn/dev_es_hiep/vendor/laravel/framework/src/Illuminate/Routing/Pipeline.php:53
PHP message: PHP  25. Illuminate\View\Middleware\ShareErrorsFromSession->handle() /mnt/hgfs/workspace/learn/dev_es_hiep/vendor/laravel/framework/src/Illuminate/Pipeline/Pipeline.php:148
PHP message: PHP  26. Illuminate\Routing\Pipeline->Illuminate\Routing\{closure}() /mnt/hgfs/workspace/learn/dev_es_hiep/vendor/laravel/framework/src/Illuminate/View/Middleware/ShareErrorsFromSession.php:49
PHP message: PHP  27. Illuminate\Pipeline\Pipeline->Illuminate\Pipeline\{closure}() /mnt/hgfs/workspace/learn/dev_es_hiep/vendor/laravel/framework/src/Illuminate/Routing/Pipeline.php:53
PHP message: PHP  28. Illuminate\Foundation\Http\Middleware\VerifyCsrfToken->handle() /mnt/hgfs/workspace/learn/dev_es_hiep/vendor/laravel/framework/src/Illuminate/Pipeline/Pipeline.php:148
PHP message: PHP  29. Illuminate\Routing\Pipeline->Illuminate\Routing\{closure}() /mnt/hgfs/workspace/learn/dev_es_hiep/vendor/laravel/framework/src/Illuminate/Foundation/Http/Middleware/VerifyCsrfToken.php:65
PHP message: PHP  30. Illuminate\Pipeline\Pipeline->Illuminate\Pipeline\{closure}() /mnt/hgfs/workspace/learn/dev_es_hiep/vendor/laravel/framework/src/Illuminate/Routing/Pipeline.php:53
PHP message: PHP  31. Illuminate\Routing\Middleware\SubstituteBindings->handle() /mnt/hgfs/workspace/learn/dev_es_hiep/vendor/laravel/framework/src/Illuminate/Pipeline/Pipeline.php:148
PHP message: PHP  32. Illuminate\Routing\Pipeline->Illuminate\Routing\{closure}() /mnt/hgfs/workspace/learn/dev_es_hiep/vendor/laravel/framework/src/Illuminate/Routing/Middl
2017/08/16 08:33:33 [error] 1373#1373: *18 upstream sent too big header while reading response header from upstream, client: 192.168.75.1, server: donate.dev.nguyenhiep, request: "GET /manage/settings HTTP/1.1", upstream: "fastcgi://unix:/run/php/php7.0-fpm.sock:", host: "donate.dev.nguyenhiep", referrer: "http://donate.dev.nguyenhiep/manage"
2017/08/16 17:13:41 [error] 1373#1373: *95 FastCGI sent in stderr: "PHP message: PHP ParseError:  syntax error, unexpected 'Route' (T_STRING) in /mnt/hgfs/workspace/learn/dev_es_hiep/routes/web.php on line 30
PHP message: PHP Stack trace:
PHP message: PHP   1. {main}() /mnt/hgfs/workspace/learn/dev_es_hiep/public/index.php:0
PHP message: PHP   2. Illuminate\Foundation\Http\Kernel->handle() /mnt/hgfs/workspace/learn/dev_es_hiep/public/index.php:55
PHP message: PHP   3. Illuminate\Foundation\Http\Kernel->sendRequestThroughRouter() /mnt/hgfs/workspace/learn/dev_es_hiep/vendor/laravel/framework/src/Illuminate/Foundation/Http/Kernel.php:116
PHP message: PHP   4. Illuminate\Foundation\Http\Kernel->bootstrap() /mnt/hgfs/workspace/learn/dev_es_hiep/vendor/laravel/framework/src/Illuminate/Foundation/Http/Kernel.php:146
PHP message: PHP   5. Illuminate\Foundation\Application->bootstrapWith() /mnt/hgfs/workspace/learn/dev_es_hiep/vendor/laravel/framework/src/Illuminate/Foundation/Http/Kernel.php:162
PHP message: PHP   6. Illuminate\Foundation\Bootstrap\BootProviders->bootstrap() /mnt/hgfs/workspace/learn/dev_es_hiep/vendor/laravel/framework/src/Illuminate/Foundation/Application.php:208
PHP message: PHP   7. Illuminate\Foundation\Application->boot() /mnt/hgfs/workspace/learn/dev_es_hiep/vendor/laravel/framework/src/Illuminate/Foundation/Bootstrap/BootProviders.php:17
PHP message: PHP   8. array_walk() /mnt/hgfs/workspace/learn/dev_es_hiep/vendor/laravel/framework/src/Illuminate/Foundation/Application.php:772
PHP message: PHP   9. Illuminate\Foundation\Application->Illuminate\Foundation\{closure}() /mnt/hgfs/workspace/learn/dev_es_hiep/vendor/laravel/framework/src/Illuminate/Foundation/Application.php:772
PHP message: PHP  10. Illuminate\Foundation\Application->bootProvider() /mnt/hgfs/workspace/learn/dev_es_hiep/vendor/laravel/framework/src/Illuminate/Foundation/Application.php:771
PHP message: PHP  11. Illuminate\Container\Container->call() /mnt/hgfs/workspace/learn/dev_es_hiep/vendor/laravel/framework/src/Illuminate/Found
2017/08/16 17:13:41 [error] 1373#1373: *95 FastCGI sent in stderr: "/Illuminate/Container/BoundMethod.php:87
PHP message: PHP  23. call_user_func_array:{/mnt/hgfs/workspace/learn/dev_es_hiep/vendor/laravel/framework/src/Illuminate/Container/BoundMethod.php:29}() /mnt/hgfs/workspace/learn/dev_es_hiep/vendor/laravel/framework/src/Illuminate/Container/BoundMethod.php:29
PHP message: PHP  24. App\Providers\RouteServiceProvider->map() /mnt/hgfs/workspace/learn/dev_es_hiep/vendor/laravel/framework/src/Illuminate/Container/BoundMethod.php:29
PHP message: PHP  25. App\Providers\RouteServiceProvider->mapWebRoutes() /mnt/hgfs/workspace/learn/dev_es_hiep/app/Providers/RouteServiceProvider.php:38
PHP message: PHP  26. Illuminate\Support\Facades\Facade::group() /mnt/hgfs/workspace/learn/dev_es_hiep/app/Providers/RouteServiceProvider.php:59
PHP message: PHP  27. Illuminate\Support\Facades\Facade::__callStatic() /mnt/hgfs/workspace/learn/dev_es_hiep/app/Providers/RouteServiceProvider.php:59
PHP message: PHP  28. Illuminate\Routing\Router->group() /mnt/hgfs/workspace/learn/dev_es_hiep/vendor/laravel/framework/src/Illuminate/Support/Facades/Facade.php:221
PHP message: PHP  29. Illuminate\Routing\Router->loadRoutes() /mnt/hgfs/workspace/learn/dev_es_hiep/vendor/laravel/framework/src/Illuminate/Routing/Router.php:285
PHP message: PHP  30. App\Providers\RouteServiceProvider->App\Providers\{closure}() /mnt/hgfs/workspace/learn/dev_es_hiep/vendor/laravel/framework/src/Illuminate/Routing/Router.php:325" while reading response header from upstream, client: 192.168.75.1, server: donate.dev.nguyenhiep, request: "GET /manage/settings/ HTTP/1.1", upstream: "fastcgi://unix:/run/php/php7.0-fpm.sock:", host: "donate.dev.nguyenhiep"
